[debug] [2017-11-13T00:19:12.690Z] ----------------------------------------------------------------------
[debug] [2017-11-13T00:19:12.692Z] Command:       /usr/local/bin/node /Users/shelby/gha/spark/node_modules/.bin/firebase serve --only functions,hosting
[debug] [2017-11-13T00:19:12.692Z] CLI Version:   3.14.0
[debug] [2017-11-13T00:19:12.692Z] Platform:      darwin
[debug] [2017-11-13T00:19:12.692Z] Node Version:  v8.4.0
[debug] [2017-11-13T00:19:12.693Z] Time:          Sun Nov 12 2017 19:19:12 GMT-0500 (EST)
[debug] [2017-11-13T00:19:12.693Z] ----------------------------------------------------------------------
[debug] 
[debug] [2017-11-13T00:19:12.702Z] > command requires scopes: ["email","openid","https://www.googleapis.com/auth/cloudplatformprojects.readonly","https://www.googleapis.com/auth/firebase","https://www.googleapis.com/auth/cloud-platform"]
[debug] [2017-11-13T00:19:12.702Z] > authorizing via signed-in user
[debug] [2017-11-13T00:19:12.704Z] > refreshing access token with scopes: ["email","https://www.googleapis.com/auth/cloud-platform","https://www.googleapis.com/auth/cloudplatformprojects.readonly","https://www.googleapis.com/auth/firebase","openid"]
[debug] [2017-11-13T00:19:12.704Z] >>> HTTP REQUEST POST https://www.googleapis.com/oauth2/v3/token { refresh_token: '1/0y-f7efn2F1B0UwlhnkRc0PC76xKBPiXVd0hjg59QVY8jbhewDp2-cwJdojn8bDJ',
  client_id: '563584335869-fgrhgmd47bqnekij5i8b5pr03ho849e6.apps.googleusercontent.com',
  client_secret: 'j9iVZfS8kkCEFUPaAeJV0sAi',
  grant_type: 'refresh_token',
  scope: 'email https://www.googleapis.com/auth/cloud-platform https://www.googleapis.com/auth/cloudplatformprojects.readonly https://www.googleapis.com/auth/firebase openid' } 
 Sun Nov 12 2017 19:19:12 GMT-0500 (EST)
[debug] [2017-11-13T00:19:12.857Z] <<< HTTP RESPONSE 200
[debug] [2017-11-13T00:19:12.870Z] >>> HTTP REQUEST GET https://admin.firebase.com/v1/projects/kindleshare-890d0  
 Sun Nov 12 2017 19:19:12 GMT-0500 (EST)
[debug] [2017-11-13T00:19:13.264Z] <<< HTTP RESPONSE 200
[debug] [2017-11-13T00:19:13.264Z] >>> HTTP REQUEST GET https://admin.firebase.com/v1/database/kindleshare-890d0/tokens  
 Sun Nov 12 2017 19:19:13 GMT-0500 (EST)
[debug] [2017-11-13T00:19:13.616Z] <<< HTTP RESPONSE 200
[info] 
[info] === Serving from '/Users/shelby/gha/spark'...
[info] 
[info] i  functions: Preparing to emulate functions.
[debug] [2017-11-13T00:19:13.915Z] >>> HTTP REQUEST GET https://appengine.googleapis.com/v1/apps/kindleshare-890d0  
 Sun Nov 12 2017 19:19:13 GMT-0500 (EST)
[debug] [2017-11-13T00:19:13.916Z] >>> HTTP REQUEST GET https://apikeys.googleapis.com/v1/projects/kindleshare-890d0/apiKeys  
 Sun Nov 12 2017 19:19:13 GMT-0500 (EST)
[debug] [2017-11-13T00:19:13.916Z] >>> HTTP REQUEST GET https://cloudresourcemanager.googleapis.com/v1/projects/kindleshare-890d0  
 Sun Nov 12 2017 19:19:13 GMT-0500 (EST)
[debug] [2017-11-13T00:19:14.198Z] <<< HTTP RESPONSE 200
[debug] [2017-11-13T00:19:14.198Z] >>> HTTP REQUEST GET https://mobilesdk-pa.googleapis.com/v1/projects/328428959553/clients/_:getWebAppConfig  
 Sun Nov 12 2017 19:19:14 GMT-0500 (EST)
[debug] [2017-11-13T00:19:14.210Z] <<< HTTP RESPONSE 200
[debug] [2017-11-13T00:19:14.368Z] <<< HTTP RESPONSE 200
[debug] [2017-11-13T00:19:14.505Z] <<< HTTP RESPONSE 200
[info] i  hosting: Serving hosting files from: public
[info] ✔  hosting: Local server: http://localhost:5000

[info] ✔  functions: helloWorld: http://localhost:5001/kindleshare-890d0/us-central1/helloWorld
[debug] [2017-11-13T14:29:08.869Z] ----------------------------------------------------------------------
[debug] [2017-11-13T14:29:08.871Z] Command:       /usr/local/bin/node /Users/shelby/gha/spark/node_modules/.bin/firebase serve --only functions,hosting
[debug] [2017-11-13T14:29:08.871Z] CLI Version:   3.14.0
[debug] [2017-11-13T14:29:08.871Z] Platform:      darwin
[debug] [2017-11-13T14:29:08.871Z] Node Version:  v8.4.0
[debug] [2017-11-13T14:29:08.872Z] Time:          Mon Nov 13 2017 09:29:08 GMT-0500 (EST)
[debug] [2017-11-13T14:29:08.872Z] ----------------------------------------------------------------------
[debug] 
[debug] [2017-11-13T14:29:08.884Z] > command requires scopes: ["email","openid","https://www.googleapis.com/auth/cloudplatformprojects.readonly","https://www.googleapis.com/auth/firebase","https://www.googleapis.com/auth/cloud-platform"]
[debug] [2017-11-13T14:29:08.884Z] > authorizing via signed-in user
[debug] [2017-11-13T14:29:08.886Z] > refreshing access token with scopes: ["email","https://www.googleapis.com/auth/cloud-platform","https://www.googleapis.com/auth/cloudplatformprojects.readonly","https://www.googleapis.com/auth/firebase","openid"]
[debug] [2017-11-13T14:29:08.886Z] >>> HTTP REQUEST POST https://www.googleapis.com/oauth2/v3/token { refresh_token: '1/0y-f7efn2F1B0UwlhnkRc0PC76xKBPiXVd0hjg59QVY8jbhewDp2-cwJdojn8bDJ',
  client_id: '563584335869-fgrhgmd47bqnekij5i8b5pr03ho849e6.apps.googleusercontent.com',
  client_secret: 'j9iVZfS8kkCEFUPaAeJV0sAi',
  grant_type: 'refresh_token',
  scope: 'email https://www.googleapis.com/auth/cloud-platform https://www.googleapis.com/auth/cloudplatformprojects.readonly https://www.googleapis.com/auth/firebase openid' } 
 Mon Nov 13 2017 09:29:08 GMT-0500 (EST)
[debug] [2017-11-13T14:29:08.991Z] <<< HTTP RESPONSE 200
[debug] [2017-11-13T14:29:09.004Z] >>> HTTP REQUEST GET https://admin.firebase.com/v1/projects/kindleshare-890d0  
 Mon Nov 13 2017 09:29:09 GMT-0500 (EST)
[debug] [2017-11-13T14:29:09.299Z] <<< HTTP RESPONSE 200
[debug] [2017-11-13T14:29:09.300Z] >>> HTTP REQUEST GET https://admin.firebase.com/v1/database/kindleshare-890d0/tokens  
 Mon Nov 13 2017 09:29:09 GMT-0500 (EST)
[debug] [2017-11-13T14:29:09.847Z] <<< HTTP RESPONSE 200
[info] 
[info] === Serving from '/Users/shelby/gha/spark'...
[info] 
[info] i  functions: Preparing to emulate functions.
[debug] [2017-11-13T14:29:10.160Z] >>> HTTP REQUEST GET https://appengine.googleapis.com/v1/apps/kindleshare-890d0  
 Mon Nov 13 2017 09:29:10 GMT-0500 (EST)
[debug] [2017-11-13T14:29:10.161Z] >>> HTTP REQUEST GET https://apikeys.googleapis.com/v1/projects/kindleshare-890d0/apiKeys  
 Mon Nov 13 2017 09:29:10 GMT-0500 (EST)
[debug] [2017-11-13T14:29:10.161Z] >>> HTTP REQUEST GET https://cloudresourcemanager.googleapis.com/v1/projects/kindleshare-890d0  
 Mon Nov 13 2017 09:29:10 GMT-0500 (EST)
[debug] [2017-11-13T14:29:10.384Z] <<< HTTP RESPONSE 200
[debug] [2017-11-13T14:29:10.385Z] >>> HTTP REQUEST GET https://mobilesdk-pa.googleapis.com/v1/projects/328428959553/clients/_:getWebAppConfig  
 Mon Nov 13 2017 09:29:10 GMT-0500 (EST)
[debug] [2017-11-13T14:29:10.440Z] <<< HTTP RESPONSE 200
[debug] [2017-11-13T14:29:10.662Z] <<< HTTP RESPONSE 200
[debug] [2017-11-13T14:29:10.920Z] <<< HTTP RESPONSE 200
[info] i  hosting: Serving hosting files from: public
[info] ✔  hosting: Local server: http://localhost:5000

[info] ✔  functions: helloWorld: http://localhost:5001/kindleshare-890d0/us-central1/helloWorld
[debug] [2017-11-13T18:00:09.127Z] ----------------------------------------------------------------------
[debug] [2017-11-13T18:00:09.130Z] Command:       /usr/local/bin/node /Users/shelby/gha/spark/node_modules/.bin/firebase serve --only functions,hosting
[debug] [2017-11-13T18:00:09.130Z] CLI Version:   3.14.0
[debug] [2017-11-13T18:00:09.130Z] Platform:      darwin
[debug] [2017-11-13T18:00:09.130Z] Node Version:  v8.4.0
[debug] [2017-11-13T18:00:09.131Z] Time:          Mon Nov 13 2017 13:00:09 GMT-0500 (EST)
[debug] [2017-11-13T18:00:09.131Z] ----------------------------------------------------------------------
[debug] 
[debug] [2017-11-13T18:00:09.148Z] > command requires scopes: ["email","openid","https://www.googleapis.com/auth/cloudplatformprojects.readonly","https://www.googleapis.com/auth/firebase","https://www.googleapis.com/auth/cloud-platform"]
[debug] [2017-11-13T18:00:09.148Z] > authorizing via signed-in user
[debug] [2017-11-13T18:00:09.151Z] > refreshing access token with scopes: ["email","https://www.googleapis.com/auth/cloud-platform","https://www.googleapis.com/auth/cloudplatformprojects.readonly","https://www.googleapis.com/auth/firebase","openid"]
[debug] [2017-11-13T18:00:09.151Z] >>> HTTP REQUEST POST https://www.googleapis.com/oauth2/v3/token { refresh_token: '1/0y-f7efn2F1B0UwlhnkRc0PC76xKBPiXVd0hjg59QVY8jbhewDp2-cwJdojn8bDJ',
  client_id: '563584335869-fgrhgmd47bqnekij5i8b5pr03ho849e6.apps.googleusercontent.com',
  client_secret: 'j9iVZfS8kkCEFUPaAeJV0sAi',
  grant_type: 'refresh_token',
  scope: 'email https://www.googleapis.com/auth/cloud-platform https://www.googleapis.com/auth/cloudplatformprojects.readonly https://www.googleapis.com/auth/firebase openid' } 
 Mon Nov 13 2017 13:00:09 GMT-0500 (EST)
[debug] [2017-11-13T18:00:09.337Z] <<< HTTP RESPONSE 200
[debug] [2017-11-13T18:00:09.351Z] >>> HTTP REQUEST GET https://admin.firebase.com/v1/projects/kindleshare-890d0  
 Mon Nov 13 2017 13:00:09 GMT-0500 (EST)
[debug] [2017-11-13T18:00:09.696Z] <<< HTTP RESPONSE 200
[debug] [2017-11-13T18:00:09.697Z] >>> HTTP REQUEST GET https://admin.firebase.com/v1/database/kindleshare-890d0/tokens  
 Mon Nov 13 2017 13:00:09 GMT-0500 (EST)
[debug] [2017-11-13T18:00:10.348Z] <<< HTTP RESPONSE 200
[info] 
[info] === Serving from '/Users/shelby/gha/spark'...
[info] 
[info] i  functions: Preparing to emulate functions.
[debug] [2017-11-13T18:00:10.740Z] >>> HTTP REQUEST GET https://appengine.googleapis.com/v1/apps/kindleshare-890d0  
 Mon Nov 13 2017 13:00:10 GMT-0500 (EST)
[debug] [2017-11-13T18:00:10.741Z] >>> HTTP REQUEST GET https://apikeys.googleapis.com/v1/projects/kindleshare-890d0/apiKeys  
 Mon Nov 13 2017 13:00:10 GMT-0500 (EST)
[debug] [2017-11-13T18:00:10.741Z] >>> HTTP REQUEST GET https://cloudresourcemanager.googleapis.com/v1/projects/kindleshare-890d0  
 Mon Nov 13 2017 13:00:10 GMT-0500 (EST)
[debug] [2017-11-13T18:00:11.075Z] <<< HTTP RESPONSE 200
[debug] [2017-11-13T18:00:11.075Z] >>> HTTP REQUEST GET https://mobilesdk-pa.googleapis.com/v1/projects/328428959553/clients/_:getWebAppConfig  
 Mon Nov 13 2017 13:00:11 GMT-0500 (EST)
[debug] [2017-11-13T18:00:11.110Z] <<< HTTP RESPONSE 200
[debug] [2017-11-13T18:00:11.113Z] <<< HTTP RESPONSE 200
[debug] [2017-11-13T18:00:11.378Z] <<< HTTP RESPONSE 200
[info] i  hosting: Serving hosting files from: public
[info] ✔  hosting: Local server: http://localhost:5000

[info] ✔  functions: helloWorld: http://localhost:5001/kindleshare-890d0/us-central1/helloWorld
